[
  {
    "line": 2,
    "elements": [
      {
        "start_timestamp": "2021-12-17T08:49:39.240Z",
        "before": [
          {
            "result": {
              "duration": 10641000000,
              "status": "passed"
            },
            "match": {
              "location": "cucumberTemplate.stepdefinitions.Hooks.setup()"
            }
          }
        ],
        "line": 4,
        "name": "",
        "description": "",
        "id": "complete-transaction;",
        "type": "scenario",
        "keyword": "Scenario",
        "steps": [
          {
            "result": {
              "duration": 110000000,
              "status": "passed"
            },
            "line": 5,
            "name": "user is on the home page",
            "match": {
              "location": "cucumberTemplate.stepdefinitions.CompeleteTransactionStepDefs.user_is_on_the_home_page()"
            },
            "keyword": "Given "
          },
          {
            "result": {
              "duration": 4003000000,
              "status": "passed"
            },
            "line": 6,
            "name": "user enters \"elyar\"",
            "match": {
              "arguments": [
                {
                  "val": "\"elyar\"",
                  "offset": 12
                }
              ],
              "location": "cucumberTemplate.stepdefinitions.CompeleteTransactionStepDefs.user_enters(java.lang.String)"
            },
            "keyword": "When "
          },
          {
            "result": {
              "duration": 90000000,
              "status": "passed"
            },
            "line": 7,
            "name": "user hides keyboard",
            "match": {
              "location": "cucumberTemplate.stepdefinitions.CompeleteTransactionStepDefs.user_hides_keyboard()"
            },
            "keyword": "And "
          },
          {
            "result": {
              "duration": 5166000000,
              "status": "passed"
            },
            "line": 8,
            "name": "user selects gender female",
            "match": {
              "location": "cucumberTemplate.stepdefinitions.CompeleteTransactionStepDefs.user_selects_gender_female()"
            },
            "keyword": "Then "
          },
          {
            "result": {
              "duration": 629000000,
              "status": "passed"
            },
            "line": 9,
            "name": "user clicks  country dropdown",
            "match": {
              "location": "cucumberTemplate.stepdefinitions.CompeleteTransactionStepDefs.user_clicks_country_dropdown()"
            },
            "keyword": "When "
          },
          {
            "result": {
              "duration": 20769000000,
              "status": "passed"
            },
            "line": 10,
            "name": "user scrolls until user sees the country \"Germany\"",
            "match": {
              "arguments": [
                {
                  "val": "\"Germany\"",
                  "offset": 41
                }
              ],
              "location": "cucumberTemplate.stepdefinitions.CompeleteTransactionStepDefs.user_scrolls_until_user_sees_the_country(java.lang.String)"
            },
            "keyword": "And "
          },
          {
            "result": {
              "duration": 699000000,
              "status": "passed"
            },
            "line": 11,
            "name": "user clicks the country \"Germany\"",
            "match": {
              "arguments": [
                {
                  "val": "\"Germany\"",
                  "offset": 24
                }
              ],
              "location": "cucumberTemplate.stepdefinitions.CompeleteTransactionStepDefs.user_clicks_the_country(java.lang.String)"
            },
            "keyword": "Then "
          },
          {
            "result": {
              "duration": 63000000,
              "status": "passed"
            },
            "line": 12,
            "name": "User clicks letsshop button",
            "match": {
              "location": "cucumberTemplate.stepdefinitions.CompeleteTransactionStepDefs.user_clicks_letsshop_button()"
            },
            "keyword": "When "
          },
          {
            "result": {
              "duration": 1000000,
              "status": "passed"
            },
            "line": 13,
            "name": "user is on the product list page",
            "match": {
              "location": "cucumberTemplate.stepdefinitions.CompeleteTransactionStepDefs.user_is_on_the_product_list_page()"
            },
            "keyword": "Then "
          },
          {
            "result": {
              "duration": 1317000000,
              "status": "passed"
            },
            "line": 14,
            "name": "user selects the top 2 products",
            "match": {
              "arguments": [
                {
                  "val": "2",
                  "offset": 21
                }
              ],
              "location": "cucumberTemplate.stepdefinitions.CompeleteTransactionStepDefs.user_selects_the_top_products(int)"
            },
            "keyword": "And "
          },
          {
            "result": {
              "duration": 1186000000,
              "status": "passed"
            },
            "line": 15,
            "name": "user clicks Cart Icon button",
            "match": {
              "location": "cucumberTemplate.stepdefinitions.CompeleteTransactionStepDefs.user_clicks_Cart_Icon_button()"
            },
            "keyword": "When "
          },
          {
            "result": {
              "duration": 1000000,
              "status": "passed"
            },
            "line": 16,
            "name": "user is on the \"Cart\" page",
            "match": {
              "arguments": [
                {
                  "val": "\"Cart\"",
                  "offset": 15
                }
              ],
              "location": "cucumberTemplate.stepdefinitions.CompeleteTransactionStepDefs.user_is_on_the_page(java.lang.String)"
            },
            "keyword": "Then "
          },
          {
            "result": {
              "duration": 18000000,
              "status": "passed"
            },
            "line": 17,
            "name": "user should see the selected products",
            "match": {
              "location": "cucumberTemplate.stepdefinitions.CompeleteTransactionStepDefs.user_should_see_the_selected_products()"
            },
            "keyword": "And "
          },
          {
            "result": {
              "duration": 61000000,
              "status": "passed"
            },
            "line": 18,
            "name": "user checks if the total price of the selected products is correct",
            "match": {
              "location": "cucumberTemplate.stepdefinitions.CompeleteTransactionStepDefs.user_checks_if_the_total_price_of_the_selected_products_is_correct()"
            },
            "keyword": "And "
          },
          {
            "result": {
              "duration": 167000000,
              "status": "passed"
            },
            "line": 19,
            "name": "user clicks  sendMeEmail checkbox button",
            "match": {
              "location": "cucumberTemplate.stepdefinitions.CompeleteTransactionStepDefs.user_clicks_sendMeEmail_checkbox_button()"
            },
            "keyword": "Then "
          },
          {
            "result": {
              "duration": 4142000000,
              "status": "passed"
            },
            "line": 20,
            "name": "user longpress text \"Please read our terms of conditions\"",
            "match": {
              "arguments": [
                {
                  "val": "\"Please read our terms of conditions\"",
                  "offset": 20
                }
              ],
              "location": "cucumberTemplate.stepdefinitions.CompeleteTransactionStepDefs.user_longpress_text(java.lang.String)"
            },
            "keyword": "When "
          },
          {
            "result": {
              "duration": 1000000,
              "status": "passed"
            },
            "line": 21,
            "name": "user should see the conditions message",
            "match": {
              "location": "cucumberTemplate.stepdefinitions.CompeleteTransactionStepDefs.user_should_see_the_conditions_message()"
            },
            "keyword": "Then "
          },
          {
            "result": {
              "duration": 59000000,
              "status": "passed"
            },
            "line": 22,
            "name": "user clicks close button",
            "match": {
              "location": "cucumberTemplate.stepdefinitions.CompeleteTransactionStepDefs.user_clicks_close_button()"
            },
            "keyword": "And "
          },
          {
            "result": {
              "duration": 599000000,
              "status": "passed"
            },
            "line": 23,
            "name": "user clicks the link button that directs to product website",
            "match": {
              "location": "cucumberTemplate.stepdefinitions.CompeleteTransactionStepDefs.user_clicks_the_link_button_that_directs_to_product_website()"
            },
            "keyword": "When "
          },
          {
            "result": {
              "duration": 3042000000,
              "status": "passed"
            },
            "line": 24,
            "name": "googles security window pops up",
            "match": {
              "location": "cucumberTemplate.stepdefinitions.CompeleteTransactionStepDefs.googles_security_window_pops_up()"
            },
            "keyword": "Then "
          },
          {
            "result": {
              "error_message": "org.openqa.selenium.NoSuchElementException: Can\u0027t locate an element by this strategy: By.chained({By.xpath: /hierarchy/android.widget.FrameLayout/android.widget.LinearLayout/android.widget.FrameLayout/android.widget.LinearLayout/android.widget.FrameLayout/android.view.ViewGroup/android.widget.RelativeLayout/android.webkit.WebView/android.webkit.WebView/android.app.Dialog/android.view.View[2]/android.view.View/android.view.View/android.view.View/android.view.View[2]/android.view.View[3]})\n\tat io.appium.java_client.pagefactory.AppiumElementLocator.findElement(AppiumElementLocator.java:126)\n\tat io.appium.java_client.pagefactory.interceptors.InterceptorOfASingleElement.intercept(InterceptorOfASingleElement.java:59)\n\tat io.appium.java_client.android.AndroidElement$$EnhancerByCGLIB$$b598166c.click(\u003cgenerated\u003e)\n\tat cucumberTemplate.stepdefinitions.CompeleteTransactionStepDefs.user_agrees_with_the_google_security_alert(CompeleteTransactionStepDefs.java:150)\n\tat âœ½.user agrees with the google security alert(file:///Users/elyarabdullah/Desktop/mobile%20automation/cucumberTemplate/src/test/resources/features/completeTransaction.feature:25)\nCaused by: org.openqa.selenium.TimeoutException: Expected condition failed: waiting for io.appium.java_client.pagefactory.AppiumElementLocator$WaitingFunction@62e70ea3 (tried for 1 second(s) with 500 milliseconds interval)\n\tat org.openqa.selenium.support.ui.FluentWait.timeoutException(FluentWait.java:304)\n\tat org.openqa.selenium.support.ui.FluentWait.until(FluentWait.java:272)\n\tat io.appium.java_client.pagefactory.AppiumElementLocator.waitFor(AppiumElementLocator.java:99)\n\tat io.appium.java_client.pagefactory.AppiumElementLocator.findElement(AppiumElementLocator.java:119)\n\tat io.appium.java_client.pagefactory.interceptors.InterceptorOfASingleElement.intercept(InterceptorOfASingleElement.java:59)\n\tat io.appium.java_client.android.AndroidElement$$EnhancerByCGLIB$$b598166c.click(\u003cgenerated\u003e)\n\tat cucumberTemplate.stepdefinitions.CompeleteTransactionStepDefs.user_agrees_with_the_google_security_alert(CompeleteTransactionStepDefs.java:150)\n\tat sun.reflect.NativeMethodAccessorImpl.invoke0(Native Method)\n\tat sun.reflect.NativeMethodAccessorImpl.invoke(NativeMethodAccessorImpl.java:62)\n\tat sun.reflect.DelegatingMethodAccessorImpl.invoke(DelegatingMethodAccessorImpl.java:43)\n\tat java.lang.reflect.Method.invoke(Method.java:498)\n\tat io.cucumber.java.Invoker.invoke(Invoker.java:27)\n\tat io.cucumber.java.JavaStepDefinition.execute(JavaStepDefinition.java:27)\n\tat io.cucumber.core.runner.PickleStepDefinitionMatch.runStep(PickleStepDefinitionMatch.java:63)\n\tat io.cucumber.core.runner.TestStep.executeStep(TestStep.java:64)\n\tat io.cucumber.core.runner.TestStep.run(TestStep.java:49)\n\tat io.cucumber.core.runner.PickleStepTestStep.run(PickleStepTestStep.java:46)\n\tat io.cucumber.core.runner.TestCase.run(TestCase.java:51)\n\tat io.cucumber.core.runner.Runner.runPickle(Runner.java:67)\n\tat io.cucumber.junit.PickleRunners$NoStepDescriptions.run(PickleRunners.java:149)\n\tat io.cucumber.junit.FeatureRunner.runChild(FeatureRunner.java:83)\n\tat io.cucumber.junit.FeatureRunner.runChild(FeatureRunner.java:24)\n\tat org.junit.runners.ParentRunner$4.run(ParentRunner.java:331)\n\tat org.junit.runners.ParentRunner$1.schedule(ParentRunner.java:79)\n\tat org.junit.runners.ParentRunner.runChildren(ParentRunner.java:329)\n\tat org.junit.runners.ParentRunner.access$100(ParentRunner.java:66)\n\tat org.junit.runners.ParentRunner$2.evaluate(ParentRunner.java:293)\n\tat org.junit.runners.ParentRunner$3.evaluate(ParentRunner.java:306)\n\tat org.junit.runners.ParentRunner.run(ParentRunner.java:413)\n\tat io.cucumber.junit.Cucumber.runChild(Cucumber.java:185)\n\tat io.cucumber.junit.Cucumber.runChild(Cucumber.java:83)\n\tat org.junit.runners.ParentRunner$4.run(ParentRunner.java:331)\n\tat org.junit.runners.ParentRunner$1.schedule(ParentRunner.java:79)\n\tat org.junit.runners.ParentRunner.runChildren(ParentRunner.java:329)\n\tat org.junit.runners.ParentRunner.access$100(ParentRunner.java:66)\n\tat org.junit.runners.ParentRunner$2.evaluate(ParentRunner.java:293)\n\tat io.cucumber.junit.Cucumber$RunCucumber.evaluate(Cucumber.java:219)\n\tat org.junit.runners.ParentRunner$3.evaluate(ParentRunner.java:306)\n\tat org.junit.runners.ParentRunner.run(ParentRunner.java:413)\n\tat org.junit.runner.JUnitCore.run(JUnitCore.java:137)\n\tat com.intellij.junit4.JUnit4IdeaTestRunner.startRunnerWithArgs(JUnit4IdeaTestRunner.java:69)\n\tat com.intellij.rt.junit.IdeaTestRunner$Repeater.startRunnerWithArgs(IdeaTestRunner.java:33)\n\tat com.intellij.rt.junit.JUnitStarter.prepareStreamsAndStart(JUnitStarter.java:235)\n\tat com.intellij.rt.junit.JUnitStarter.main(JUnitStarter.java:54)\nCaused by: org.openqa.selenium.NoSuchElementException: Cannot locate an element using By.chained({By.xpath: /hierarchy/android.widget.FrameLayout/android.widget.LinearLayout/android.widget.FrameLayout/android.widget.LinearLayout/android.widget.FrameLayout/android.view.ViewGroup/android.widget.RelativeLayout/android.webkit.WebView/android.webkit.WebView/android.app.Dialog/android.view.View[2]/android.view.View/android.view.View/android.view.View/android.view.View[2]/android.view.View[3]})\nFor documentation on this error, please visit: https://www.seleniumhq.org/exceptions/no_such_element.html\nBuild info: version: \u00273.141.59\u0027, revision: \u0027e82be7d358\u0027, time: \u00272018-11-14T08:17:03\u0027\nSystem info: host: \u0027elyars-MacBook-Pro.local\u0027, ip: \u0027fe80:0:0:0:1805:5e2:4014:b218%en0\u0027, os.name: \u0027Mac OS X\u0027, os.arch: \u0027aarch64\u0027, os.version: \u002711.5.1\u0027, java.version: \u00271.8.0_302\u0027\nDriver info: driver.version: AndroidDriver\n\tat io.appium.java_client.pagefactory.bys.builder.ByChained.findElement(ByChained.java:74)\n\tat org.openqa.selenium.remote.RemoteWebDriver.findElement(RemoteWebDriver.java:315)\n\tat io.appium.java_client.DefaultGenericMobileDriver.findElement(DefaultGenericMobileDriver.java:57)\n\tat io.appium.java_client.AppiumDriver.findElement(AppiumDriver.java:1)\n\tat io.appium.java_client.android.AndroidDriver.findElement(AndroidDriver.java:1)\n\tat io.appium.java_client.pagefactory.bys.ContentMappedBy.findElement(ContentMappedBy.java:50)\n\tat org.openqa.selenium.remote.RemoteWebDriver.findElement(RemoteWebDriver.java:315)\n\tat io.appium.java_client.DefaultGenericMobileDriver.findElement(DefaultGenericMobileDriver.java:57)\n\tat io.appium.java_client.AppiumDriver.findElement(AppiumDriver.java:1)\n\tat io.appium.java_client.android.AndroidDriver.findElement(AndroidDriver.java:1)\n\tat io.appium.java_client.pagefactory.AppiumElementLocator.lambda$0(AppiumElementLocator.java:120)\n\tat io.appium.java_client.pagefactory.AppiumElementLocator$WaitingFunction.apply(AppiumElementLocator.java:172)\n\tat io.appium.java_client.pagefactory.AppiumElementLocator$WaitingFunction.apply(AppiumElementLocator.java:1)\n\tat org.openqa.selenium.support.ui.FluentWait.until(FluentWait.java:249)\n\t... 42 more\n",
              "duration": 10038000000,
              "status": "failed"
            },
            "line": 25,
            "name": "user agrees with the google security alert",
            "match": {
              "location": "cucumberTemplate.stepdefinitions.CompeleteTransactionStepDefs.user_agrees_with_the_google_security_alert()"
            },
            "keyword": "And "
          }
        ],
        "tags": [
          {
            "name": "@wip"
          }
        ]
      }
    ],
    "name": "complete transaction",
    "description": "",
    "id": "complete-transaction",
    "keyword": "Feature",
    "uri": "file:src/test/resources/features/completeTransaction.feature",
    "tags": [
      {
        "name": "@wip",
        "type": "Tag",
        "location": {
          "line": 1,
          "column": 1
        }
      }
    ]
  }
]